<?xml version="1.0" encoding="UTF-8"?>
<!-- Generated by org.testng.reporters.JUnitReportReporter -->
<testsuite hostname="XE-T-NITINGO" name="GoogleTest" tests="3" failures="0" timestamp="22 Dec 2016 07:46:37 GMT" time="10.181" errors="0">
  <testcase name="deleterequest" time="2.564" classname="GoogleTest"/>
  <testcase name="postrequest" time="5.107" classname="GoogleTest"/>
  <testcase name="getrequest" time="2.510" classname="GoogleTest"/>
</testsuite> <!-- GoogleTest -->
