<?xml version="1.0" encoding="UTF-8"?>
<!-- Generated by org.testng.reporters.JUnitReportReporter -->
<testsuite hostname="XE-T-NITINGO" name="com.Sheetal" tests="1" failures="0" timestamp="2 Feb 2017 17:04:10 GMT" time="6.981" errors="0">
  <testcase name="get" time="6.981" classname="com.Sheetal"/>
</testsuite> <!-- com.Sheetal -->
