<?xml version="1.0" encoding="UTF-8"?>
<!-- Generated by org.testng.reporters.JUnitReportReporter -->
<testsuite hostname="XE-T-NITINGO" name="com.GoogleTest" tests="6" failures="0" timestamp="20 Jan 2017 10:28:47 GMT" time="17.296" errors="0">
  <testcase name="postrequest" time="2.901" classname="com.GoogleTest"/>
  <testcase name="postrequest" time="2.421" classname="com.GoogleTest"/>
  <testcase name="postrequest" time="2.659" classname="com.GoogleTest"/>
  <testcase name="postrequest" time="1.953" classname="com.GoogleTest"/>
  <testcase name="postrequest" time="5.426" classname="com.GoogleTest"/>
  <testcase name="postrequest" time="1.936" classname="com.GoogleTest"/>
</testsuite> <!-- com.GoogleTest -->
